{"D:/RollingScopes/React/rsschool-react-course-tasks/src/components/Card/Card.tsx": {"path":"D:/RollingScopes/React/rsschool-react-course-tasks/src/components/Card/Card.tsx","statementMap":{"0":{"start":{"line":18,"column":53},"end":{"line":18,"column":null}},"1":{"start":{"line":20,"column":4},"end":{"line":47,"column":null}},"2":{"start":{"line":21,"column":59},"end":{"line":21,"column":null}}},"fnMap":{"0":{"name":"(anonymous_0)","decl":{"start":{"line":17,"column":2},"end":{"line":17,"column":11}},"loc":{"start":{"line":17,"column":11},"end":{"line":49,"column":null}}},"1":{"name":"(anonymous_1)","decl":{"start":{"line":21,"column":48},"end":{"line":21,"column":49}},"loc":{"start":{"line":21,"column":59},"end":{"line":21,"column":null}}}},"branchMap":{},"s":{"0":8,"1":8,"2":1},"f":{"0":8,"1":1},"b":{}}
,"D:/RollingScopes/React/rsschool-react-course-tasks/src/components/CardList/CardList.tsx": {"path":"D:/RollingScopes/React/rsschool-react-course-tasks/src/components/CardList/CardList.tsx","statementMap":{"0":{"start":{"line":23,"column":4},"end":{"line":23,"column":null}},"1":{"start":{"line":24,"column":4},"end":{"line":29,"column":null}},"2":{"start":{"line":32,"column":20},"end":{"line":34,"column":null}},"3":{"start":{"line":33,"column":4},"end":{"line":33,"column":null}},"4":{"start":{"line":36,"column":22},"end":{"line":38,"column":null}},"5":{"start":{"line":37,"column":4},"end":{"line":37,"column":null}},"6":{"start":{"line":41,"column":4},"end":{"line":64,"column":null}},"7":{"start":{"line":45,"column":12},"end":{"line":52,"column":null}}},"fnMap":{"0":{"name":"(anonymous_0)","decl":{"start":{"line":22,"column":2},"end":{"line":22,"column":14}},"loc":{"start":{"line":22,"column":36},"end":{"line":30,"column":null}}},"1":{"name":"(anonymous_1)","decl":{"start":{"line":32,"column":20},"end":{"line":32,"column":21}},"loc":{"start":{"line":32,"column":67},"end":{"line":34,"column":null}}},"2":{"name":"(anonymous_2)","decl":{"start":{"line":36,"column":22},"end":{"line":36,"column":28}},"loc":{"start":{"line":36,"column":28},"end":{"line":38,"column":null}}},"3":{"name":"(anonymous_3)","decl":{"start":{"line":40,"column":2},"end":{"line":40,"column":11}},"loc":{"start":{"line":40,"column":11},"end":{"line":66,"column":null}}},"4":{"name":"(anonymous_4)","decl":{"start":{"line":44,"column":34},"end":{"line":44,"column":35}},"loc":{"start":{"line":45,"column":12},"end":{"line":52,"column":null}}}},"branchMap":{"0":{"loc":{"start":{"line":55,"column":9},"end":{"line":62,"column":null}},"type":"binary-expr","locations":[{"start":{"line":55,"column":9},"end":{"line":55,"column":null}},{"start":{"line":56,"column":10},"end":{"line":62,"column":null}}]}},"s":{"0":6,"1":6,"2":6,"3":2,"4":6,"5":1,"6":9,"7":24},"f":{"0":6,"1":2,"2":1,"3":9,"4":24},"b":{"0":[9,2]}}
,"D:/RollingScopes/React/rsschool-react-course-tasks/src/components/Detail/Detail.tsx": {"path":"D:/RollingScopes/React/rsschool-react-course-tasks/src/components/Detail/Detail.tsx","statementMap":{"0":{"start":{"line":21,"column":10},"end":{"line":21,"column":null}},"1":{"start":{"line":24,"column":4},"end":{"line":24,"column":null}},"2":{"start":{"line":24,"column":21},"end":{"line":24,"column":57}},"3":{"start":{"line":27,"column":22},"end":{"line":27,"column":null}},"4":{"start":{"line":27,"column":28},"end":{"line":27,"column":null}},"5":{"start":{"line":29,"column":22},"end":{"line":40,"column":null}},"6":{"start":{"line":30,"column":4},"end":{"line":39,"column":null}},"7":{"start":{"line":32,"column":8},"end":{"line":32,"column":null}},"8":{"start":{"line":34,"column":8},"end":{"line":34,"column":null}},"9":{"start":{"line":36,"column":8},"end":{"line":36,"column":null}},"10":{"start":{"line":38,"column":8},"end":{"line":38,"column":null}},"11":{"start":{"line":43,"column":55},"end":{"line":43,"column":null}},"12":{"start":{"line":44,"column":4},"end":{"line":80,"column":null}},"13":{"start":{"line":50,"column":28},"end":{"line":50,"column":null}}},"fnMap":{"0":{"name":"(anonymous_0)","decl":{"start":{"line":23,"column":2},"end":{"line":23,"column":22}},"loc":{"start":{"line":23,"column":22},"end":{"line":25,"column":null}}},"1":{"name":"(anonymous_1)","decl":{"start":{"line":24,"column":15},"end":{"line":24,"column":21}},"loc":{"start":{"line":24,"column":21},"end":{"line":24,"column":57}}},"2":{"name":"(anonymous_2)","decl":{"start":{"line":27,"column":22},"end":{"line":27,"column":28}},"loc":{"start":{"line":27,"column":28},"end":{"line":27,"column":null}}},"3":{"name":"(anonymous_3)","decl":{"start":{"line":29,"column":22},"end":{"line":29,"column":28}},"loc":{"start":{"line":29,"column":28},"end":{"line":40,"column":null}}},"4":{"name":"(anonymous_4)","decl":{"start":{"line":42,"column":2},"end":{"line":42,"column":11}},"loc":{"start":{"line":42,"column":11},"end":{"line":82,"column":null}}},"5":{"name":"(anonymous_5)","decl":{"start":{"line":50,"column":21},"end":{"line":50,"column":22}},"loc":{"start":{"line":50,"column":28},"end":{"line":50,"column":null}}}},"branchMap":{"0":{"loc":{"start":{"line":30,"column":4},"end":{"line":39,"column":null}},"type":"switch","locations":[{"start":{"line":31,"column":6},"end":{"line":32,"column":null}},{"start":{"line":33,"column":6},"end":{"line":34,"column":null}},{"start":{"line":35,"column":6},"end":{"line":36,"column":null}},{"start":{"line":37,"column":6},"end":{"line":38,"column":null}}]},"1":{"loc":{"start":{"line":46,"column":76},"end":{"line":46,"column":109}},"type":"cond-expr","locations":[{"start":{"line":46,"column":103},"end":{"line":46,"column":108}},{"start":{"line":46,"column":108},"end":{"line":46,"column":109}}]},"2":{"loc":{"start":{"line":49,"column":43},"end":{"line":49,"column":96}},"type":"cond-expr","locations":[{"start":{"line":49,"column":67},"end":{"line":49,"column":94}},{"start":{"line":49,"column":94},"end":{"line":49,"column":96}}]}},"s":{"0":11,"1":11,"2":0,"3":11,"4":11,"5":11,"6":11,"7":1,"8":1,"9":8,"10":1,"11":11,"12":11,"13":2},"f":{"0":11,"1":0,"2":11,"3":11,"4":11,"5":2},"b":{"0":[1,1,8,1],"1":[0,11],"2":[11,0]}}
,"D:/RollingScopes/React/rsschool-react-course-tasks/src/components/Empty/Empty.tsx": {"path":"D:/RollingScopes/React/rsschool-react-course-tasks/src/components/Empty/Empty.tsx","statementMap":{"0":{"start":{"line":5,"column":9},"end":{"line":14,"column":null}},"1":{"start":{"line":16,"column":17},"end":{"line":18,"column":null}},"2":{"start":{"line":17,"column":4},"end":{"line":17,"column":null}},"3":{"start":{"line":21,"column":4},"end":{"line":27,"column":null}}},"fnMap":{"0":{"name":"(anonymous_0)","decl":{"start":{"line":16,"column":17},"end":{"line":16,"column":23}},"loc":{"start":{"line":16,"column":23},"end":{"line":18,"column":null}}},"1":{"name":"(anonymous_1)","decl":{"start":{"line":20,"column":2},"end":{"line":20,"column":11}},"loc":{"start":{"line":20,"column":11},"end":{"line":29,"column":null}}}},"branchMap":{},"s":{"0":6,"1":6,"2":6,"3":6},"f":{"0":6,"1":6},"b":{}}
,"D:/RollingScopes/React/rsschool-react-course-tasks/src/components/ErrorBoundary/ErrorBoundary.tsx": {"path":"D:/RollingScopes/React/rsschool-react-course-tasks/src/components/ErrorBoundary/ErrorBoundary.tsx","statementMap":{"0":{"start":{"line":14,"column":18},"end":{"line":14,"column":null}},"1":{"start":{"line":17,"column":30},"end":{"line":17,"column":null}},"2":{"start":{"line":20,"column":4},"end":{"line":20,"column":null}},"3":{"start":{"line":24,"column":4},"end":{"line":27,"column":null}},"4":{"start":{"line":28,"column":4},"end":{"line":28,"column":null}},"5":{"start":{"line":32,"column":4},"end":{"line":44,"column":null}},"6":{"start":{"line":33,"column":6},"end":{"line":42,"column":null}},"7":{"start":{"line":38,"column":35},"end":{"line":38,"column":61}},"8":{"start":{"line":45,"column":4},"end":{"line":45,"column":null}}},"fnMap":{"0":{"name":"(anonymous_0)","decl":{"start":{"line":19,"column":2},"end":{"line":19,"column":9}},"loc":{"start":{"line":19,"column":56},"end":{"line":21,"column":null}}},"1":{"name":"(anonymous_1)","decl":{"start":{"line":23,"column":2},"end":{"line":23,"column":20}},"loc":{"start":{"line":23,"column":59},"end":{"line":29,"column":null}}},"2":{"name":"(anonymous_2)","decl":{"start":{"line":31,"column":2},"end":{"line":31,"column":11}},"loc":{"start":{"line":31,"column":11},"end":{"line":46,"column":null}}},"3":{"name":"(anonymous_3)","decl":{"start":{"line":38,"column":29},"end":{"line":38,"column":35}},"loc":{"start":{"line":38,"column":35},"end":{"line":38,"column":61}}}},"branchMap":{"0":{"loc":{"start":{"line":32,"column":4},"end":{"line":44,"column":null}},"type":"if","locations":[{"start":{"line":32,"column":4},"end":{"line":44,"column":null}},{"start":{},"end":{}}]}},"s":{"0":1,"1":6,"2":6,"3":3,"4":3,"5":16,"6":9,"7":1,"8":7},"f":{"0":6,"1":3,"2":16,"3":1},"b":{"0":[9,7]}}
,"D:/RollingScopes/React/rsschool-react-course-tasks/src/components/ErrorButton/ErrorButton.tsx": {"path":"D:/RollingScopes/React/rsschool-react-course-tasks/src/components/ErrorButton/ErrorButton.tsx","statementMap":{"0":{"start":{"line":5,"column":10},"end":{"line":5,"column":null}},"1":{"start":{"line":8,"column":4},"end":{"line":11,"column":null}},"2":{"start":{"line":9,"column":25},"end":{"line":9,"column":null}},"3":{"start":{"line":10,"column":6},"end":{"line":10,"column":null}},"4":{"start":{"line":12,"column":4},"end":{"line":19,"column":null}},"5":{"start":{"line":14,"column":23},"end":{"line":14,"column":null}}},"fnMap":{"0":{"name":"(anonymous_0)","decl":{"start":{"line":7,"column":2},"end":{"line":7,"column":11}},"loc":{"start":{"line":7,"column":11},"end":{"line":21,"column":null}}},"1":{"name":"(anonymous_1)","decl":{"start":{"line":14,"column":17},"end":{"line":14,"column":23}},"loc":{"start":{"line":14,"column":23},"end":{"line":14,"column":null}}}},"branchMap":{"0":{"loc":{"start":{"line":8,"column":4},"end":{"line":11,"column":null}},"type":"if","locations":[{"start":{"line":8,"column":4},"end":{"line":11,"column":null}},{"start":{},"end":{}}]}},"s":{"0":10,"1":14,"2":4,"3":4,"4":10,"5":2},"f":{"0":14,"1":2},"b":{"0":[4,10]}}
,"D:/RollingScopes/React/rsschool-react-course-tasks/src/components/ErrorInfo/ErrorInfo.tsx": {"path":"D:/RollingScopes/React/rsschool-react-course-tasks/src/components/ErrorInfo/ErrorInfo.tsx","statementMap":{"0":{"start":{"line":10,"column":4},"end":{"line":16,"column":null}}},"fnMap":{"0":{"name":"(anonymous_0)","decl":{"start":{"line":9,"column":2},"end":{"line":9,"column":11}},"loc":{"start":{"line":9,"column":11},"end":{"line":18,"column":null}}}},"branchMap":{},"s":{"0":6},"f":{"0":6},"b":{}}
,"D:/RollingScopes/React/rsschool-react-course-tasks/src/components/Footer/Footer.tsx": {"path":"D:/RollingScopes/React/rsschool-react-course-tasks/src/components/Footer/Footer.tsx","statementMap":{"0":{"start":{"line":8,"column":4},"end":{"line":24,"column":null}}},"fnMap":{"0":{"name":"(anonymous_0)","decl":{"start":{"line":7,"column":2},"end":{"line":7,"column":11}},"loc":{"start":{"line":7,"column":11},"end":{"line":26,"column":null}}}},"branchMap":{},"s":{"0":6},"f":{"0":6},"b":{}}
,"D:/RollingScopes/React/rsschool-react-course-tasks/src/components/Header/Header.tsx": {"path":"D:/RollingScopes/React/rsschool-react-course-tasks/src/components/Header/Header.tsx","statementMap":{"0":{"start":{"line":11,"column":13},"end":{"line":14,"column":null}},"1":{"start":{"line":12,"column":4},"end":{"line":12,"column":null}},"2":{"start":{"line":13,"column":4},"end":{"line":13,"column":null}},"3":{"start":{"line":17,"column":4},"end":{"line":28,"column":null}}},"fnMap":{"0":{"name":"(anonymous_0)","decl":{"start":{"line":11,"column":13},"end":{"line":11,"column":19}},"loc":{"start":{"line":11,"column":19},"end":{"line":14,"column":null}}},"1":{"name":"(anonymous_1)","decl":{"start":{"line":16,"column":2},"end":{"line":16,"column":11}},"loc":{"start":{"line":16,"column":11},"end":{"line":30,"column":null}}}},"branchMap":{},"s":{"0":4,"1":1,"2":1,"3":4},"f":{"0":1,"1":4},"b":{}}
,"D:/RollingScopes/React/rsschool-react-course-tasks/src/components/Layout/Layout.tsx": {"path":"D:/RollingScopes/React/rsschool-react-course-tasks/src/components/Layout/Layout.tsx","statementMap":{"0":{"start":{"line":14,"column":30},"end":{"line":16,"column":null}},"1":{"start":{"line":19,"column":23},"end":{"line":19,"column":null}},"2":{"start":{"line":21,"column":24},"end":{"line":23,"column":null}},"3":{"start":{"line":22,"column":4},"end":{"line":22,"column":null}},"4":{"start":{"line":26,"column":4},"end":{"line":33,"column":null}}},"fnMap":{"0":{"name":"(anonymous_0)","decl":{"start":{"line":21,"column":24},"end":{"line":21,"column":30}},"loc":{"start":{"line":21,"column":30},"end":{"line":23,"column":null}}},"1":{"name":"(anonymous_1)","decl":{"start":{"line":25,"column":2},"end":{"line":25,"column":11}},"loc":{"start":{"line":25,"column":11},"end":{"line":35,"column":null}}}},"branchMap":{},"s":{"0":2,"1":5,"2":5,"3":2,"4":7},"f":{"0":2,"1":7},"b":{}}
,"D:/RollingScopes/React/rsschool-react-course-tasks/src/components/LoadingSpinner/LoadingSpinner.tsx": {"path":"D:/RollingScopes/React/rsschool-react-course-tasks/src/components/LoadingSpinner/LoadingSpinner.tsx","statementMap":{"0":{"start":{"line":10,"column":4},"end":{"line":15,"column":null}}},"fnMap":{"0":{"name":"(anonymous_0)","decl":{"start":{"line":9,"column":2},"end":{"line":9,"column":11}},"loc":{"start":{"line":9,"column":11},"end":{"line":17,"column":null}}}},"branchMap":{"0":{"loc":{"start":{"line":11,"column":45},"end":{"line":11,"column":85}},"type":"cond-expr","locations":[{"start":{"line":11,"column":66},"end":{"line":11,"column":83}},{"start":{"line":11,"column":83},"end":{"line":11,"column":85}}]}},"s":{"0":3},"f":{"0":3},"b":{"0":[1,2]}}
,"D:/RollingScopes/React/rsschool-react-course-tasks/src/components/SearchBar/SearchBar.tsx": {"path":"D:/RollingScopes/React/rsschool-react-course-tasks/src/components/SearchBar/SearchBar.tsx","statementMap":{"0":{"start":{"line":16,"column":26},"end":{"line":16,"column":null}},"1":{"start":{"line":18,"column":17},"end":{"line":20,"column":null}},"2":{"start":{"line":19,"column":4},"end":{"line":19,"column":null}},"3":{"start":{"line":22,"column":18},"end":{"line":26,"column":null}},"4":{"start":{"line":23,"column":4},"end":{"line":25,"column":null}},"5":{"start":{"line":24,"column":6},"end":{"line":24,"column":null}},"6":{"start":{"line":28,"column":17},"end":{"line":31,"column":null}},"7":{"start":{"line":29,"column":4},"end":{"line":29,"column":null}},"8":{"start":{"line":30,"column":4},"end":{"line":30,"column":null}},"9":{"start":{"line":33,"column":16},"end":{"line":36,"column":null}},"10":{"start":{"line":34,"column":4},"end":{"line":34,"column":null}},"11":{"start":{"line":35,"column":4},"end":{"line":35,"column":null}},"12":{"start":{"line":39,"column":4},"end":{"line":68,"column":null}}},"fnMap":{"0":{"name":"(anonymous_0)","decl":{"start":{"line":18,"column":17},"end":{"line":18,"column":18}},"loc":{"start":{"line":18,"column":65},"end":{"line":20,"column":null}}},"1":{"name":"(anonymous_1)","decl":{"start":{"line":22,"column":18},"end":{"line":22,"column":19}},"loc":{"start":{"line":22,"column":68},"end":{"line":26,"column":null}}},"2":{"name":"(anonymous_2)","decl":{"start":{"line":28,"column":17},"end":{"line":28,"column":23}},"loc":{"start":{"line":28,"column":23},"end":{"line":31,"column":null}}},"3":{"name":"(anonymous_3)","decl":{"start":{"line":33,"column":16},"end":{"line":33,"column":22}},"loc":{"start":{"line":33,"column":22},"end":{"line":36,"column":null}}},"4":{"name":"(anonymous_4)","decl":{"start":{"line":38,"column":2},"end":{"line":38,"column":11}},"loc":{"start":{"line":38,"column":11},"end":{"line":70,"column":null}}}},"branchMap":{"0":{"loc":{"start":{"line":16,"column":35},"end":{"line":16,"column":65}},"type":"binary-expr","locations":[{"start":{"line":16,"column":35},"end":{"line":16,"column":62}},{"start":{"line":16,"column":62},"end":{"line":16,"column":65}}]},"1":{"loc":{"start":{"line":23,"column":4},"end":{"line":25,"column":null}},"type":"if","locations":[{"start":{"line":23,"column":4},"end":{"line":25,"column":null}},{"start":{},"end":{}}]},"2":{"loc":{"start":{"line":23,"column":8},"end":{"line":23,"column":58}},"type":"binary-expr","locations":[{"start":{"line":23,"column":8},"end":{"line":23,"column":33}},{"start":{"line":23,"column":33},"end":{"line":23,"column":58}}]},"3":{"loc":{"start":{"line":51,"column":11},"end":{"line":58,"column":null}},"type":"binary-expr","locations":[{"start":{"line":51,"column":11},"end":{"line":51,"column":null}},{"start":{"line":52,"column":12},"end":{"line":58,"column":null}}]}},"s":{"0":9,"1":9,"2":2,"3":9,"4":2,"5":1,"6":9,"7":2,"8":2,"9":9,"10":1,"11":1,"12":14},"f":{"0":2,"1":2,"2":2,"3":1,"4":14},"b":{"0":[9,5],"1":[1,1],"2":[2,2],"3":[14,8]}}
,"D:/RollingScopes/React/rsschool-react-course-tasks/src/helpers/renderImage.tsx": {"path":"D:/RollingScopes/React/rsschool-react-course-tasks/src/helpers/renderImage.tsx","statementMap":{"0":{"start":{"line":4,"column":27},"end":{"line":27,"column":null}},"1":{"start":{"line":10,"column":2},"end":{"line":14,"column":null}},"2":{"start":{"line":11,"column":4},"end":{"line":12,"column":null}},"3":{"start":{"line":16,"column":2},"end":{"line":24,"column":null}},"4":{"start":{"line":17,"column":4},"end":{"line":22,"column":null}},"5":{"start":{"line":26,"column":2},"end":{"line":26,"column":null}}},"fnMap":{"0":{"name":"(anonymous_0)","decl":{"start":{"line":4,"column":27},"end":{"line":4,"column":null}},"loc":{"start":{"line":9,"column":18},"end":{"line":27,"column":null}}}},"branchMap":{"0":{"loc":{"start":{"line":10,"column":2},"end":{"line":14,"column":null}},"type":"if","locations":[{"start":{"line":10,"column":2},"end":{"line":14,"column":null}},{"start":{},"end":{}}]},"1":{"loc":{"start":{"line":16,"column":2},"end":{"line":24,"column":null}},"type":"if","locations":[{"start":{"line":16,"column":2},"end":{"line":24,"column":null}},{"start":{},"end":{}}]}},"s":{"0":1,"1":4,"2":2,"3":2,"4":1,"5":1},"f":{"0":4},"b":{"0":[2,2],"1":[1,1]}}
,"D:/RollingScopes/React/rsschool-react-course-tasks/src/pages/MainPage/MainPage.tsx": {"path":"D:/RollingScopes/React/rsschool-react-course-tasks/src/pages/MainPage/MainPage.tsx","statementMap":{"0":{"start":{"line":27,"column":23},"end":{"line":27,"column":null}},"1":{"start":{"line":30,"column":25},"end":{"line":37,"column":null}},"2":{"start":{"line":39,"column":16},"end":{"line":57,"column":null}},"3":{"start":{"line":40,"column":4},"end":{"line":40,"column":null}},"4":{"start":{"line":40,"column":34},"end":{"line":40,"column":null}},"5":{"start":{"line":41,"column":4},"end":{"line":41,"column":null}},"6":{"start":{"line":42,"column":4},"end":{"line":56,"column":null}},"7":{"start":{"line":43,"column":6},"end":{"line":55,"column":null}},"8":{"start":{"line":44,"column":8},"end":{"line":47,"column":null}},"9":{"start":{"line":45,"column":10},"end":{"line":45,"column":null}},"10":{"start":{"line":45,"column":30},"end":{"line":45,"column":97}},"11":{"start":{"line":46,"column":10},"end":{"line":46,"column":null}},"12":{"start":{"line":48,"column":21},"end":{"line":48,"column":null}},"13":{"start":{"line":49,"column":8},"end":{"line":51,"column":null}},"14":{"start":{"line":50,"column":10},"end":{"line":50,"column":null}},"15":{"start":{"line":52,"column":8},"end":{"line":52,"column":null}},"16":{"start":{"line":54,"column":8},"end":{"line":54,"column":null}},"17":{"start":{"line":59,"column":22},"end":{"line":67,"column":null}},"18":{"start":{"line":60,"column":4},"end":{"line":60,"column":null}},"19":{"start":{"line":61,"column":4},"end":{"line":66,"column":null}},"20":{"start":{"line":62,"column":19},"end":{"line":62,"column":null}},"21":{"start":{"line":63,"column":6},"end":{"line":63,"column":null}},"22":{"start":{"line":65,"column":6},"end":{"line":65,"column":null}},"23":{"start":{"line":69,"column":17},"end":{"line":74,"column":null}},"24":{"start":{"line":70,"column":25},"end":{"line":70,"column":null}},"25":{"start":{"line":71,"column":4},"end":{"line":71,"column":null}},"26":{"start":{"line":72,"column":4},"end":{"line":72,"column":null}},"27":{"start":{"line":73,"column":4},"end":{"line":73,"column":null}},"28":{"start":{"line":76,"column":16},"end":{"line":87,"column":null}},"29":{"start":{"line":77,"column":21},"end":{"line":82,"column":null}},"30":{"start":{"line":83,"column":4},"end":{"line":83,"column":null}},"31":{"start":{"line":84,"column":4},"end":{"line":84,"column":null}},"32":{"start":{"line":85,"column":4},"end":{"line":85,"column":null}},"33":{"start":{"line":86,"column":4},"end":{"line":86,"column":null}},"34":{"start":{"line":89,"column":19},"end":{"line":93,"column":null}},"35":{"start":{"line":90,"column":4},"end":{"line":90,"column":null}},"36":{"start":{"line":90,"column":28},"end":{"line":90,"column":null}},"37":{"start":{"line":91,"column":4},"end":{"line":91,"column":null}},"38":{"start":{"line":92,"column":4},"end":{"line":92,"column":null}},"39":{"start":{"line":96,"column":4},"end":{"line":98,"column":null}},"40":{"start":{"line":97,"column":6},"end":{"line":97,"column":null}},"41":{"start":{"line":97,"column":26},"end":{"line":97,"column":77}},"42":{"start":{"line":102,"column":4},"end":{"line":102,"column":null}},"43":{"start":{"line":102,"column":28},"end":{"line":102,"column":null}},"44":{"start":{"line":103,"column":4},"end":{"line":105,"column":null}},"45":{"start":{"line":104,"column":6},"end":{"line":104,"column":null}},"46":{"start":{"line":108,"column":15},"end":{"line":119,"column":null}},"47":{"start":{"line":109,"column":4},"end":{"line":118,"column":null}},"48":{"start":{"line":110,"column":6},"end":{"line":110,"column":null}},"49":{"start":{"line":111,"column":6},"end":{"line":111,"column":null}},"50":{"start":{"line":112,"column":4},"end":{"line":118,"column":null}},"51":{"start":{"line":113,"column":6},"end":{"line":113,"column":null}},"52":{"start":{"line":114,"column":4},"end":{"line":118,"column":null}},"53":{"start":{"line":115,"column":6},"end":{"line":115,"column":null}},"54":{"start":{"line":116,"column":4},"end":{"line":118,"column":null}},"55":{"start":{"line":117,"column":6},"end":{"line":117,"column":null}},"56":{"start":{"line":122,"column":22},"end":{"line":122,"column":null}},"57":{"start":{"line":123,"column":4},"end":{"line":139,"column":null}}},"fnMap":{"0":{"name":"(anonymous_0)","decl":{"start":{"line":39,"column":16},"end":{"line":39,"column":23}},"loc":{"start":{"line":39,"column":75},"end":{"line":57,"column":null}}},"1":{"name":"(anonymous_1)","decl":{"start":{"line":42,"column":18},"end":{"line":42,"column":30}},"loc":{"start":{"line":42,"column":30},"end":{"line":56,"column":7}}},"2":{"name":"(anonymous_2)","decl":{"start":{"line":45,"column":24},"end":{"line":45,"column":30}},"loc":{"start":{"line":45,"column":30},"end":{"line":45,"column":97}}},"3":{"name":"(anonymous_3)","decl":{"start":{"line":59,"column":22},"end":{"line":59,"column":34}},"loc":{"start":{"line":59,"column":34},"end":{"line":67,"column":null}}},"4":{"name":"(anonymous_4)","decl":{"start":{"line":69,"column":17},"end":{"line":69,"column":18}},"loc":{"start":{"line":69,"column":36},"end":{"line":74,"column":null}}},"5":{"name":"(anonymous_5)","decl":{"start":{"line":76,"column":16},"end":{"line":76,"column":23}},"loc":{"start":{"line":76,"column":48},"end":{"line":87,"column":null}}},"6":{"name":"(anonymous_6)","decl":{"start":{"line":89,"column":19},"end":{"line":89,"column":31}},"loc":{"start":{"line":89,"column":31},"end":{"line":93,"column":null}}},"7":{"name":"(anonymous_7)","decl":{"start":{"line":95,"column":2},"end":{"line":95,"column":22}},"loc":{"start":{"line":95,"column":22},"end":{"line":99,"column":null}}},"8":{"name":"(anonymous_8)","decl":{"start":{"line":96,"column":34},"end":{"line":96,"column":null}},"loc":{"start":{"line":97,"column":6},"end":{"line":97,"column":null}}},"9":{"name":"(anonymous_9)","decl":{"start":{"line":97,"column":20},"end":{"line":97,"column":26}},"loc":{"start":{"line":97,"column":26},"end":{"line":97,"column":77}}},"10":{"name":"(anonymous_10)","decl":{"start":{"line":101,"column":2},"end":{"line":101,"column":23}},"loc":{"start":{"line":101,"column":23},"end":{"line":106,"column":null}}},"11":{"name":"(anonymous_11)","decl":{"start":{"line":108,"column":15},"end":{"line":108,"column":16}},"loc":{"start":{"line":108,"column":41},"end":{"line":119,"column":null}}},"12":{"name":"(anonymous_12)","decl":{"start":{"line":121,"column":2},"end":{"line":121,"column":11}},"loc":{"start":{"line":121,"column":11},"end":{"line":141,"column":null}}}},"branchMap":{"0":{"loc":{"start":{"line":31,"column":16},"end":{"line":31,"column":null}},"type":"binary-expr","locations":[{"start":{"line":31,"column":16},"end":{"line":31,"column":59}},{"start":{"line":31,"column":59},"end":{"line":31,"column":null}}]},"1":{"loc":{"start":{"line":39,"column":38},"end":{"line":39,"column":56}},"type":"default-arg","locations":[{"start":{"line":39,"column":49},"end":{"line":39,"column":56}}]},"2":{"loc":{"start":{"line":40,"column":4},"end":{"line":40,"column":null}},"type":"if","locations":[{"start":{"line":40,"column":4},"end":{"line":40,"column":null}},{"start":{},"end":{}}]},"3":{"loc":{"start":{"line":44,"column":8},"end":{"line":47,"column":null}},"type":"if","locations":[{"start":{"line":44,"column":8},"end":{"line":47,"column":null}},{"start":{},"end":{}}]},"4":{"loc":{"start":{"line":44,"column":12},"end":{"line":44,"column":48}},"type":"binary-expr","locations":[{"start":{"line":44,"column":12},"end":{"line":44,"column":22}},{"start":{"line":44,"column":22},"end":{"line":44,"column":48}}]},"5":{"loc":{"start":{"line":49,"column":8},"end":{"line":51,"column":null}},"type":"if","locations":[{"start":{"line":49,"column":8},"end":{"line":51,"column":null}},{"start":{},"end":{}}]},"6":{"loc":{"start":{"line":49,"column":12},"end":{"line":49,"column":43}},"type":"binary-expr","locations":[{"start":{"line":49,"column":12},"end":{"line":49,"column":24}},{"start":{"line":49,"column":24},"end":{"line":49,"column":43}}]},"7":{"loc":{"start":{"line":52,"column":58},"end":{"line":52,"column":93}},"type":"binary-expr","locations":[{"start":{"line":52,"column":58},"end":{"line":52,"column":68}},{"start":{"line":52,"column":68},"end":{"line":52,"column":93}}]},"8":{"loc":{"start":{"line":76,"column":23},"end":{"line":76,"column":48}},"type":"default-arg","locations":[{"start":{"line":76,"column":38},"end":{"line":76,"column":48}}]},"9":{"loc":{"start":{"line":81,"column":10},"end":{"line":81,"column":null}},"type":"binary-expr","locations":[{"start":{"line":81,"column":10},"end":{"line":81,"column":26}},{"start":{"line":81,"column":26},"end":{"line":81,"column":null}}]},"10":{"loc":{"start":{"line":90,"column":4},"end":{"line":90,"column":null}},"type":"if","locations":[{"start":{"line":90,"column":4},"end":{"line":90,"column":null}},{"start":{},"end":{}}]},"11":{"loc":{"start":{"line":102,"column":4},"end":{"line":102,"column":null}},"type":"if","locations":[{"start":{"line":102,"column":4},"end":{"line":102,"column":null}},{"start":{},"end":{}}]},"12":{"loc":{"start":{"line":103,"column":4},"end":{"line":105,"column":null}},"type":"if","locations":[{"start":{"line":103,"column":4},"end":{"line":105,"column":null}},{"start":{},"end":{}}]},"13":{"loc":{"start":{"line":109,"column":4},"end":{"line":118,"column":null}},"type":"if","locations":[{"start":{"line":109,"column":4},"end":{"line":118,"column":null}},{"start":{"line":112,"column":4},"end":{"line":118,"column":null}}]},"14":{"loc":{"start":{"line":112,"column":4},"end":{"line":118,"column":null}},"type":"if","locations":[{"start":{"line":112,"column":4},"end":{"line":118,"column":null}},{"start":{"line":114,"column":4},"end":{"line":118,"column":null}}]},"15":{"loc":{"start":{"line":112,"column":15},"end":{"line":112,"column":57}},"type":"binary-expr","locations":[{"start":{"line":112,"column":15},"end":{"line":112,"column":32}},{"start":{"line":112,"column":32},"end":{"line":112,"column":57}}]},"16":{"loc":{"start":{"line":114,"column":4},"end":{"line":118,"column":null}},"type":"if","locations":[{"start":{"line":114,"column":4},"end":{"line":118,"column":null}},{"start":{"line":116,"column":4},"end":{"line":118,"column":null}}]},"17":{"loc":{"start":{"line":114,"column":15},"end":{"line":114,"column":67}},"type":"binary-expr","locations":[{"start":{"line":114,"column":15},"end":{"line":114,"column":47}},{"start":{"line":114,"column":47},"end":{"line":114,"column":67}}]},"18":{"loc":{"start":{"line":116,"column":4},"end":{"line":118,"column":null}},"type":"if","locations":[{"start":{"line":116,"column":4},"end":{"line":118,"column":null}},{"start":{},"end":{}}]},"19":{"loc":{"start":{"line":133,"column":9},"end":{"line":133,"column":null}},"type":"binary-expr","locations":[{"start":{"line":133,"column":9},"end":{"line":133,"column":26}},{"start":{"line":133,"column":26},"end":{"line":133,"column":51}},{"start":{"line":133,"column":51},"end":{"line":133,"column":null}}]},"20":{"loc":{"start":{"line":134,"column":9},"end":{"line":137,"column":null}},"type":"binary-expr","locations":[{"start":{"line":134,"column":9},"end":{"line":134,"column":25}},{"start":{"line":134,"column":25},"end":{"line":134,"column":73}},{"start":{"line":134,"column":73},"end":{"line":134,"column":null}},{"start":{"line":135,"column":10},"end":{"line":137,"column":null}}]}},"s":{"0":1,"1":8,"2":8,"3":11,"4":1,"5":10,"6":10,"7":10,"8":10,"9":1,"10":1,"11":1,"12":9,"13":8,"14":1,"15":8,"16":1,"17":8,"18":8,"19":8,"20":8,"21":6,"22":1,"23":8,"24":2,"25":2,"26":2,"27":2,"28":8,"29":1,"30":1,"31":1,"32":1,"33":1,"34":8,"35":1,"36":0,"37":1,"38":1,"39":8,"40":7,"41":7,"42":35,"43":24,"44":11,"45":1,"46":8,"47":43,"48":2,"49":2,"50":41,"51":23,"52":18,"53":9,"54":9,"55":1,"56":43,"57":43},"f":{"0":11,"1":10,"2":1,"3":8,"4":2,"5":1,"6":1,"7":8,"8":7,"9":7,"10":35,"11":43,"12":43},"b":{"0":[8,7],"1":[3],"2":[1,10],"3":[1,9],"4":[10,7],"5":[1,7],"6":[8,1],"7":[8,5],"8":[0],"9":[1,1],"10":[0,1],"11":[24,11],"12":[1,10],"13":[2,41],"14":[23,18],"15":[41,24],"16":[9,9],"17":[18,9],"18":[1,8],"19":[43,24,1],"20":[43,11,11,4]}}
,"D:/RollingScopes/React/rsschool-react-course-tasks/src/services/movieService.ts": {"path":"D:/RollingScopes/React/rsschool-react-course-tasks/src/services/movieService.ts","statementMap":{"0":{"start":{"line":6,"column":27},"end":{"line":10,"column":null}},"1":{"start":{"line":7,"column":2},"end":{"line":9,"column":null}},"2":{"start":{"line":12,"column":33},"end":{"line":14,"column":null}},"3":{"start":{"line":13,"column":2},"end":{"line":13,"column":null}}},"fnMap":{"0":{"name":"(anonymous_0)","decl":{"start":{"line":6,"column":27},"end":{"line":6,"column":34}},"loc":{"start":{"line":6,"column":93},"end":{"line":10,"column":null}}},"1":{"name":"(anonymous_1)","decl":{"start":{"line":12,"column":33},"end":{"line":12,"column":74}},"loc":{"start":{"line":12,"column":74},"end":{"line":14,"column":null}}}},"branchMap":{"0":{"loc":{"start":{"line":7,"column":9},"end":{"line":9,"column":null}},"type":"cond-expr","locations":[{"start":{"line":8,"column":6},"end":{"line":8,"column":null}},{"start":{"line":9,"column":6},"end":{"line":9,"column":null}}]}},"s":{"0":2,"1":3,"2":2,"3":1},"f":{"0":3,"1":1},"b":{"0":[1,2]}}
,"D:/RollingScopes/React/rsschool-react-course-tasks/src/utils/callWithDelay.ts": {"path":"D:/RollingScopes/React/rsschool-react-course-tasks/src/utils/callWithDelay.ts","statementMap":{"0":{"start":{"line":1,"column":14},"end":{"line":1,"column":null}},"1":{"start":{"line":3,"column":29},"end":{"line":5,"column":null}},"2":{"start":{"line":4,"column":2},"end":{"line":4,"column":null}},"3":{"start":{"line":4,"column":19},"end":{"line":4,"column":31}}},"fnMap":{"0":{"name":"(anonymous_0)","decl":{"start":{"line":3,"column":29},"end":{"line":3,"column":30}},"loc":{"start":{"line":3,"column":76},"end":{"line":5,"column":null}}},"1":{"name":"(anonymous_1)","decl":{"start":{"line":4,"column":13},"end":{"line":4,"column":19}},"loc":{"start":{"line":4,"column":19},"end":{"line":4,"column":31}}}},"branchMap":{"0":{"loc":{"start":{"line":3,"column":52},"end":{"line":3,"column":76}},"type":"default-arg","locations":[{"start":{"line":3,"column":60},"end":{"line":3,"column":76}}]}},"s":{"0":1,"1":1,"2":4,"3":3},"f":{"0":4,"1":3},"b":{"0":[1]}}
,"D:/RollingScopes/React/rsschool-react-course-tasks/src/utils/error.ts": {"path":"D:/RollingScopes/React/rsschool-react-course-tasks/src/utils/error.ts","statementMap":{"0":{"start":{"line":8,"column":4},"end":{"line":8,"column":null}},"1":{"start":{"line":3,"column":20},"end":{"line":3,"column":null}},"2":{"start":{"line":4,"column":20},"end":{"line":4,"column":null}},"3":{"start":{"line":5,"column":11},"end":{"line":5,"column":null}},"4":{"start":{"line":6,"column":20},"end":{"line":6,"column":null}},"5":{"start":{"line":19,"column":2},"end":{"line":30,"column":null}},"6":{"start":{"line":21,"column":6},"end":{"line":21,"column":null}},"7":{"start":{"line":22,"column":4},"end":{"line":28,"column":null}},"8":{"start":{"line":23,"column":6},"end":{"line":27,"column":null}},"9":{"start":{"line":29,"column":4},"end":{"line":29,"column":null}},"10":{"start":{"line":31,"column":2},"end":{"line":31,"column":null}},"11":{"start":{"line":35,"column":2},"end":{"line":35,"column":null}},"12":{"start":{"line":39,"column":2},"end":{"line":45,"column":null}}},"fnMap":{"0":{"name":"(anonymous_0)","decl":{"start":{"line":2,"column":2},"end":{"line":2,"column":null}},"loc":{"start":{"line":7,"column":4},"end":{"line":9,"column":null}}},"1":{"name":"getErrorData","decl":{"start":{"line":18,"column":16},"end":{"line":18,"column":29}},"loc":{"start":{"line":18,"column":56},"end":{"line":32,"column":null}}},"2":{"name":"errorLog","decl":{"start":{"line":34,"column":16},"end":{"line":34,"column":28}},"loc":{"start":{"line":34,"column":44},"end":{"line":36,"column":null}}},"3":{"name":"formatErrorData","decl":{"start":{"line":38,"column":16},"end":{"line":38,"column":32}},"loc":{"start":{"line":38,"column":62},"end":{"line":46,"column":null}}}},"branchMap":{"0":{"loc":{"start":{"line":19,"column":2},"end":{"line":30,"column":null}},"type":"if","locations":[{"start":{"line":19,"column":2},"end":{"line":30,"column":null}},{"start":{},"end":{}}]},"1":{"loc":{"start":{"line":19,"column":6},"end":{"line":19,"column":51}},"type":"binary-expr","locations":[{"start":{"line":19,"column":6},"end":{"line":19,"column":35}},{"start":{"line":19,"column":35},"end":{"line":19,"column":51}}]},"2":{"loc":{"start":{"line":21,"column":6},"end":{"line":21,"column":null}},"type":"cond-expr","locations":[{"start":{"line":21,"column":64},"end":{"line":21,"column":80}},{"start":{"line":21,"column":80},"end":{"line":21,"column":null}}]},"3":{"loc":{"start":{"line":21,"column":6},"end":{"line":21,"column":64}},"type":"binary-expr","locations":[{"start":{"line":21,"column":6},"end":{"line":21,"column":28}},{"start":{"line":21,"column":28},"end":{"line":21,"column":64}}]},"4":{"loc":{"start":{"line":22,"column":4},"end":{"line":28,"column":null}},"type":"if","locations":[{"start":{"line":22,"column":4},"end":{"line":28,"column":null}},{"start":{},"end":{}}]},"5":{"loc":{"start":{"line":22,"column":8},"end":{"line":22,"column":71}},"type":"binary-expr","locations":[{"start":{"line":22,"column":8},"end":{"line":22,"column":33}},{"start":{"line":22,"column":33},"end":{"line":22,"column":71}}]},"6":{"loc":{"start":{"line":25,"column":14},"end":{"line":25,"column":null}},"type":"cond-expr","locations":[{"start":{"line":25,"column":66},"end":{"line":25,"column":79}},{"start":{"line":25,"column":79},"end":{"line":25,"column":null}}]},"7":{"loc":{"start":{"line":25,"column":14},"end":{"line":25,"column":66}},"type":"binary-expr","locations":[{"start":{"line":25,"column":14},"end":{"line":25,"column":33}},{"start":{"line":25,"column":33},"end":{"line":25,"column":66}}]},"8":{"loc":{"start":{"line":41,"column":4},"end":{"line":41,"column":null}},"type":"cond-expr","locations":[{"start":{"line":41,"column":27},"end":{"line":41,"column":60}},{"start":{"line":41,"column":60},"end":{"line":41,"column":null}}]}},"s":{"0":7,"1":7,"2":7,"3":7,"4":7,"5":11,"6":7,"7":7,"8":3,"9":4,"10":4,"11":3,"12":7},"f":{"0":7,"1":11,"2":3,"3":7},"b":{"0":[7,4],"1":[11,8],"2":[6,1],"3":[7,6],"4":[3,4],"5":[7,3],"6":[1,2],"7":[3,1],"8":[2,5]}}
,"D:/RollingScopes/React/rsschool-react-course-tasks/src/utils/formatReleaseDate.ts": {"path":"D:/RollingScopes/React/rsschool-react-course-tasks/src/utils/formatReleaseDate.ts","statementMap":{"0":{"start":{"line":4,"column":2},"end":{"line":16,"column":null}},"1":{"start":{"line":5,"column":4},"end":{"line":11,"column":null}},"2":{"start":{"line":6,"column":19},"end":{"line":6,"column":null}},"3":{"start":{"line":7,"column":6},"end":{"line":9,"column":null}},"4":{"start":{"line":8,"column":8},"end":{"line":8,"column":null}},"5":{"start":{"line":10,"column":6},"end":{"line":10,"column":null}},"6":{"start":{"line":12,"column":22},"end":{"line":12,"column":null}},"7":{"start":{"line":13,"column":4},"end":{"line":13,"column":null}},"8":{"start":{"line":15,"column":4},"end":{"line":15,"column":null}}},"fnMap":{"0":{"name":"formatReleaseDate","decl":{"start":{"line":3,"column":16},"end":{"line":3,"column":34}},"loc":{"start":{"line":3,"column":60},"end":{"line":17,"column":null}}}},"branchMap":{"0":{"loc":{"start":{"line":5,"column":4},"end":{"line":11,"column":null}},"type":"if","locations":[{"start":{"line":5,"column":4},"end":{"line":11,"column":null}},{"start":{},"end":{}}]},"1":{"loc":{"start":{"line":7,"column":6},"end":{"line":9,"column":null}},"type":"if","locations":[{"start":{"line":7,"column":6},"end":{"line":9,"column":null}},{"start":{},"end":{}}]},"2":{"loc":{"start":{"line":12,"column":22},"end":{"line":12,"column":null}},"type":"binary-expr","locations":[{"start":{"line":12,"column":22},"end":{"line":12,"column":55}},{"start":{"line":12,"column":55},"end":{"line":12,"column":null}}]},"3":{"loc":{"start":{"line":13,"column":11},"end":{"line":13,"column":null}},"type":"cond-expr","locations":[{"start":{"line":13,"column":23},"end":{"line":13,"column":38}},{"start":{"line":13,"column":38},"end":{"line":13,"column":null}}]}},"s":{"0":8,"1":8,"2":4,"3":4,"4":1,"5":3,"6":4,"7":4,"8":1},"f":{"0":8},"b":{"0":[4,4],"1":[1,3],"2":[4,3],"3":[2,2]}}
,"D:/RollingScopes/React/rsschool-react-course-tasks/src/utils/getMovie.ts": {"path":"D:/RollingScopes/React/rsschool-react-course-tasks/src/utils/getMovie.ts","statementMap":{"0":{"start":{"line":9,"column":23},"end":{"line":15,"column":null}},"1":{"start":{"line":17,"column":28},"end":{"line":22,"column":null}},"2":{"start":{"line":24,"column":19},"end":{"line":24,"column":null}},"3":{"start":{"line":26,"column":2},"end":{"line":32,"column":null}},"4":{"start":{"line":27,"column":4},"end":{"line":31,"column":null}},"5":{"start":{"line":34,"column":2},"end":{"line":34,"column":null}},"6":{"start":{"line":41,"column":23},"end":{"line":45,"column":null}},"7":{"start":{"line":47,"column":28},"end":{"line":52,"column":null}},"8":{"start":{"line":54,"column":19},"end":{"line":57,"column":null}},"9":{"start":{"line":59,"column":2},"end":{"line":65,"column":null}},"10":{"start":{"line":60,"column":4},"end":{"line":64,"column":null}},"11":{"start":{"line":67,"column":2},"end":{"line":67,"column":null}}},"fnMap":{"0":{"name":"getMovie","decl":{"start":{"line":5,"column":22},"end":{"line":5,"column":null}},"loc":{"start":{"line":8,"column":29},"end":{"line":35,"column":null}}},"1":{"name":"getMoviePopTop","decl":{"start":{"line":37,"column":22},"end":{"line":37,"column":null}},"loc":{"start":{"line":40,"column":29},"end":{"line":68,"column":null}}}},"branchMap":{"0":{"loc":{"start":{"line":7,"column":2},"end":{"line":7,"column":null}},"type":"default-arg","locations":[{"start":{"line":7,"column":36},"end":{"line":7,"column":null}}]},"1":{"loc":{"start":{"line":11,"column":14},"end":{"line":11,"column":null}},"type":"binary-expr","locations":[{"start":{"line":11,"column":14},"end":{"line":11,"column":34}},{"start":{"line":11,"column":34},"end":{"line":11,"column":null}}]},"2":{"loc":{"start":{"line":12,"column":10},"end":{"line":12,"column":null}},"type":"binary-expr","locations":[{"start":{"line":12,"column":10},"end":{"line":12,"column":26}},{"start":{"line":12,"column":26},"end":{"line":12,"column":null}}]},"3":{"loc":{"start":{"line":13,"column":8},"end":{"line":13,"column":null}},"type":"binary-expr","locations":[{"start":{"line":13,"column":8},"end":{"line":13,"column":26}},{"start":{"line":13,"column":26},"end":{"line":13,"column":null}}]},"4":{"loc":{"start":{"line":14,"column":8},"end":{"line":14,"column":null}},"type":"binary-expr","locations":[{"start":{"line":14,"column":8},"end":{"line":14,"column":24}},{"start":{"line":14,"column":24},"end":{"line":14,"column":null}}]},"5":{"loc":{"start":{"line":19,"column":10},"end":{"line":19,"column":null}},"type":"binary-expr","locations":[{"start":{"line":19,"column":10},"end":{"line":19,"column":26}},{"start":{"line":19,"column":26},"end":{"line":19,"column":null}}]},"6":{"loc":{"start":{"line":26,"column":2},"end":{"line":32,"column":null}},"type":"if","locations":[{"start":{"line":26,"column":2},"end":{"line":32,"column":null}},{"start":{},"end":{}}]},"7":{"loc":{"start":{"line":38,"column":2},"end":{"line":38,"column":null}},"type":"default-arg","locations":[{"start":{"line":38,"column":20},"end":{"line":38,"column":null}}]},"8":{"loc":{"start":{"line":39,"column":2},"end":{"line":39,"column":null}},"type":"default-arg","locations":[{"start":{"line":39,"column":36},"end":{"line":39,"column":null}}]},"9":{"loc":{"start":{"line":42,"column":14},"end":{"line":42,"column":null}},"type":"binary-expr","locations":[{"start":{"line":42,"column":14},"end":{"line":42,"column":34}},{"start":{"line":42,"column":34},"end":{"line":42,"column":null}}]},"10":{"loc":{"start":{"line":43,"column":10},"end":{"line":43,"column":null}},"type":"binary-expr","locations":[{"start":{"line":43,"column":10},"end":{"line":43,"column":26}},{"start":{"line":43,"column":26},"end":{"line":43,"column":null}}]},"11":{"loc":{"start":{"line":44,"column":8},"end":{"line":44,"column":null}},"type":"binary-expr","locations":[{"start":{"line":44,"column":8},"end":{"line":44,"column":26}},{"start":{"line":44,"column":26},"end":{"line":44,"column":null}}]},"12":{"loc":{"start":{"line":49,"column":10},"end":{"line":49,"column":null}},"type":"binary-expr","locations":[{"start":{"line":49,"column":10},"end":{"line":49,"column":26}},{"start":{"line":49,"column":26},"end":{"line":49,"column":null}}]},"13":{"loc":{"start":{"line":55,"column":7},"end":{"line":55,"column":66}},"type":"cond-expr","locations":[{"start":{"line":55,"column":28},"end":{"line":55,"column":48}},{"start":{"line":55,"column":48},"end":{"line":55,"column":66}}]},"14":{"loc":{"start":{"line":59,"column":2},"end":{"line":65,"column":null}},"type":"if","locations":[{"start":{"line":59,"column":2},"end":{"line":65,"column":null}},{"start":{},"end":{}}]}},"s":{"0":4,"1":4,"2":4,"3":4,"4":1,"5":3,"6":5,"7":5,"8":5,"9":5,"10":1,"11":4},"f":{"0":4,"1":5},"b":{"0":[3],"1":[4,4],"2":[4,3],"3":[4,1],"4":[4,1],"5":[4,3],"6":[1,3],"7":[3],"8":[4],"9":[5,5],"10":[5,4],"11":[5,1],"12":[5,4],"13":[1,4],"14":[1,4]}}
,"D:/RollingScopes/React/rsschool-react-course-tasks/src/utils/getTransformSide.ts": {"path":"D:/RollingScopes/React/rsschool-react-course-tasks/src/utils/getTransformSide.ts","statementMap":{"0":{"start":{"line":2,"column":37},"end":{"line":2,"column":null}},"1":{"start":{"line":3,"column":24},"end":{"line":3,"column":null}},"2":{"start":{"line":4,"column":25},"end":{"line":4,"column":null}},"3":{"start":{"line":6,"column":20},"end":{"line":11,"column":null}},"4":{"start":{"line":13,"column":22},"end":{"line":16,"column":null}},"5":{"start":{"line":14,"column":32},"end":{"line":14,"column":null}},"6":{"start":{"line":18,"column":2},"end":{"line":18,"column":null}}},"fnMap":{"0":{"name":"getTransformSide","decl":{"start":{"line":1,"column":16},"end":{"line":1,"column":33}},"loc":{"start":{"line":1,"column":66},"end":{"line":19,"column":null}}},"1":{"name":"(anonymous_1)","decl":{"start":{"line":14,"column":4},"end":{"line":14,"column":5}},"loc":{"start":{"line":14,"column":32},"end":{"line":14,"column":null}}}},"branchMap":{"0":{"loc":{"start":{"line":14,"column":32},"end":{"line":14,"column":null}},"type":"cond-expr","locations":[{"start":{"line":14,"column":58},"end":{"line":14,"column":79}},{"start":{"line":14,"column":79},"end":{"line":14,"column":null}}]}},"s":{"0":10,"1":10,"2":10,"3":10,"4":10,"5":40,"6":10},"f":{"0":10,"1":40},"b":{"0":[7,33]}}
,"D:/RollingScopes/React/rsschool-react-course-tasks/src/utils/imageBaseUrl.ts": {"path":"D:/RollingScopes/React/rsschool-react-course-tasks/src/utils/imageBaseUrl.ts","statementMap":{"0":{"start":{"line":4,"column":67},"end":{"line":4,"column":null}},"1":{"start":{"line":6,"column":18},"end":{"line":6,"column":null}},"2":{"start":{"line":8,"column":25},"end":{"line":14,"column":null}},"3":{"start":{"line":16,"column":23},"end":{"line":16,"column":null}},"4":{"start":{"line":18,"column":2},"end":{"line":18,"column":null}}},"fnMap":{"0":{"name":"imageBaseUrl","decl":{"start":{"line":3,"column":16},"end":{"line":3,"column":29}},"loc":{"start":{"line":3,"column":89},"end":{"line":19,"column":null}}}},"branchMap":{"0":{"loc":{"start":{"line":4,"column":10},"end":{"line":4,"column":29}},"type":"default-arg","locations":[{"start":{"line":4,"column":17},"end":{"line":4,"column":29}}]},"1":{"loc":{"start":{"line":4,"column":29},"end":{"line":4,"column":46}},"type":"default-arg","locations":[{"start":{"line":4,"column":36},"end":{"line":4,"column":46}}]},"2":{"loc":{"start":{"line":4,"column":46},"end":{"line":4,"column":63}},"type":"default-arg","locations":[{"start":{"line":4,"column":58},"end":{"line":4,"column":63}}]},"3":{"loc":{"start":{"line":6,"column":18},"end":{"line":6,"column":null}},"type":"cond-expr","locations":[{"start":{"line":6,"column":30},"end":{"line":6,"column":55}},{"start":{"line":6,"column":55},"end":{"line":6,"column":null}}]},"4":{"loc":{"start":{"line":16,"column":23},"end":{"line":16,"column":null}},"type":"cond-expr","locations":[{"start":{"line":16,"column":55},"end":{"line":16,"column":62}},{"start":{"line":16,"column":62},"end":{"line":16,"column":null}}]}},"s":{"0":11,"1":11,"2":11,"3":11,"4":11},"f":{"0":11},"b":{"0":[3],"1":[4],"2":[9],"3":[9,2],"4":[9,2]}}
,"D:/RollingScopes/React/rsschool-react-course-tasks/src/utils/imagesConfig.ts": {"path":"D:/RollingScopes/React/rsschool-react-course-tasks/src/utils/imagesConfig.ts","statementMap":{"0":{"start":{"line":6,"column":29},"end":{"line":11,"column":null}},"1":{"start":{"line":12,"column":19},"end":{"line":12,"column":null}},"2":{"start":{"line":14,"column":2},"end":{"line":20,"column":null}},"3":{"start":{"line":15,"column":4},"end":{"line":19,"column":null}},"4":{"start":{"line":22,"column":43},"end":{"line":22,"column":null}},"5":{"start":{"line":24,"column":2},"end":{"line":24,"column":null}}},"fnMap":{"0":{"name":"imagesConfig","decl":{"start":{"line":5,"column":22},"end":{"line":5,"column":66}},"loc":{"start":{"line":5,"column":66},"end":{"line":25,"column":null}}}},"branchMap":{"0":{"loc":{"start":{"line":8,"column":10},"end":{"line":8,"column":null}},"type":"binary-expr","locations":[{"start":{"line":8,"column":10},"end":{"line":8,"column":26}},{"start":{"line":8,"column":26},"end":{"line":8,"column":null}}]},"1":{"loc":{"start":{"line":14,"column":2},"end":{"line":20,"column":null}},"type":"if","locations":[{"start":{"line":14,"column":2},"end":{"line":20,"column":null}},{"start":{},"end":{}}]}},"s":{"0":5,"1":5,"2":4,"3":2,"4":2,"5":2},"f":{"0":5},"b":{"0":[5,4],"1":[2,2]}}
,"D:/RollingScopes/React/rsschool-react-course-tasks/src/utils/queryType.ts": {"path":"D:/RollingScopes/React/rsschool-react-course-tasks/src/utils/queryType.ts","statementMap":{"0":{"start":{"line":5,"column":20},"end":{"line":5,"column":null}},"1":{"start":{"line":6,"column":2},"end":{"line":6,"column":null}},"2":{"start":{"line":10,"column":26},"end":{"line":10,"column":null}},"3":{"start":{"line":11,"column":20},"end":{"line":11,"column":null}},"4":{"start":{"line":12,"column":14},"end":{"line":12,"column":null}},"5":{"start":{"line":13,"column":17},"end":{"line":13,"column":null}},"6":{"start":{"line":14,"column":2},"end":{"line":18,"column":null}},"7":{"start":{"line":15,"column":4},"end":{"line":15,"column":null}},"8":{"start":{"line":17,"column":4},"end":{"line":17,"column":null}},"9":{"start":{"line":19,"column":2},"end":{"line":19,"column":null}}},"fnMap":{"0":{"name":"getQueryType","decl":{"start":{"line":4,"column":16},"end":{"line":4,"column":42}},"loc":{"start":{"line":4,"column":42},"end":{"line":7,"column":null}}},"1":{"name":"toggleQueryType","decl":{"start":{"line":9,"column":16},"end":{"line":9,"column":40}},"loc":{"start":{"line":9,"column":40},"end":{"line":20,"column":null}}}},"branchMap":{"0":{"loc":{"start":{"line":14,"column":2},"end":{"line":18,"column":null}},"type":"if","locations":[{"start":{"line":14,"column":2},"end":{"line":18,"column":null}},{"start":{"line":16,"column":9},"end":{"line":18,"column":null}}]}},"s":{"0":4,"1":4,"2":5,"3":5,"4":5,"5":5,"6":5,"7":2,"8":3,"9":5},"f":{"0":4,"1":5},"b":{"0":[2,3]}}
,"D:/RollingScopes/React/rsschool-react-course-tasks/src/utils/safeCall.ts": {"path":"D:/RollingScopes/React/rsschool-react-course-tasks/src/utils/safeCall.ts","statementMap":{"0":{"start":{"line":7,"column":2},"end":{"line":21,"column":null}},"1":{"start":{"line":8,"column":4},"end":{"line":8,"column":null}},"2":{"start":{"line":8,"column":47},"end":{"line":8,"column":null}},"3":{"start":{"line":10,"column":21},"end":{"line":10,"column":null}},"4":{"start":{"line":12,"column":4},"end":{"line":17,"column":null}},"5":{"start":{"line":13,"column":22},"end":{"line":13,"column":null}},"6":{"start":{"line":14,"column":6},"end":{"line":16,"column":null}},"7":{"start":{"line":15,"column":8},"end":{"line":15,"column":null}},"8":{"start":{"line":18,"column":4},"end":{"line":18,"column":null}},"9":{"start":{"line":20,"column":4},"end":{"line":20,"column":null}}},"fnMap":{"0":{"name":"safeCall","decl":{"start":{"line":1,"column":16},"end":{"line":1,"column":null}},"loc":{"start":{"line":6,"column":12},"end":{"line":22,"column":null}}}},"branchMap":{"0":{"loc":{"start":{"line":4,"column":2},"end":{"line":4,"column":null}},"type":"default-arg","locations":[{"start":{"line":4,"column":20},"end":{"line":4,"column":null}}]},"1":{"loc":{"start":{"line":8,"column":4},"end":{"line":8,"column":null}},"type":"if","locations":[{"start":{"line":8,"column":4},"end":{"line":8,"column":null}},{"start":{},"end":{}}]},"2":{"loc":{"start":{"line":8,"column":8},"end":{"line":8,"column":47}},"type":"binary-expr","locations":[{"start":{"line":8,"column":8},"end":{"line":8,"column":26}},{"start":{"line":8,"column":26},"end":{"line":8,"column":47}}]},"3":{"loc":{"start":{"line":8,"column":54},"end":{"line":8,"column":null}},"type":"binary-expr","locations":[{"start":{"line":8,"column":54},"end":{"line":8,"column":70}},{"start":{"line":8,"column":70},"end":{"line":8,"column":null}}]},"4":{"loc":{"start":{"line":10,"column":21},"end":{"line":10,"column":null}},"type":"cond-expr","locations":[{"start":{"line":10,"column":49},"end":{"line":10,"column":65}},{"start":{"line":10,"column":65},"end":{"line":10,"column":null}}]},"5":{"loc":{"start":{"line":12,"column":4},"end":{"line":17,"column":null}},"type":"if","locations":[{"start":{"line":12,"column":4},"end":{"line":17,"column":null}},{"start":{},"end":{}}]},"6":{"loc":{"start":{"line":14,"column":6},"end":{"line":16,"column":null}},"type":"if","locations":[{"start":{"line":14,"column":6},"end":{"line":16,"column":null}},{"start":{},"end":{}}]},"7":{"loc":{"start":{"line":18,"column":11},"end":{"line":18,"column":null}},"type":"binary-expr","locations":[{"start":{"line":18,"column":11},"end":{"line":18,"column":27}},{"start":{"line":18,"column":27},"end":{"line":18,"column":null}}]},"8":{"loc":{"start":{"line":20,"column":11},"end":{"line":20,"column":null}},"type":"binary-expr","locations":[{"start":{"line":20,"column":11},"end":{"line":20,"column":27}},{"start":{"line":20,"column":27},"end":{"line":20,"column":null}}]}},"s":{"0":13,"1":13,"2":3,"3":10,"4":10,"5":8,"6":8,"7":7,"8":3,"9":2},"f":{"0":13},"b":{"0":[8],"1":[3,10],"2":[13,11],"3":[3,2],"4":[2,8],"5":[8,2],"6":[7,1],"7":[3,2],"8":[2,1]}}
}
